System check identified some issues:

WARNINGS:
?: (django_mysql.W001) MySQL Strict Mode is not set for database connection 'default'
	HINT: MySQL's Strict Mode fixes many data integrity problems in MySQL, such as data truncation upon insertion, by escalating warnings into errors. It is strongly recommended you activate it. See: https://django-mysql.readthedocs.io/en/latest/checks.html#django-mysql-w001-strict-mode
?: (django_mysql.W002) InnoDB Strict Mode is not set for database connection 'default'
	HINT: InnoDB Strict Mode escalates several warnings around InnoDB-specific statements into errors. It's recommended you activate this, but it's not very likely to affect you if you don't. See: https://django-mysql.readthedocs.io/en/latest/checks.html#django-mysql-w002-innodb-strict-mode
?: (django_mysql.W003) The character set is not utf8mb4 for database connection 'default'
	HINT: The default 'utf8' character set does not include support for all Unicode characters. It's strongly recommended you move to use 'utf8mb4'. See: https://django-mysql.readthedocs.io/en/latest/checks.html#django-mysql-w003-utf8mb4

System check identified 3 issues (0 silenced).
[01/Jun/2017 13:33:57]"GET /recipe/?recipe_id=1 HTTP/1.1" 200 68
[01/Jun/2017 13:33:57]"GET /favicon.ico HTTP/1.1" 404 2321
[01/Jun/2017 13:51:53]"GET /admin HTTP/1.1" 301 0
[01/Jun/2017 13:51:54]"GET /admin/ HTTP/1.1" 200 7518
[01/Jun/2017 13:51:54]"GET /static/admin/css/dashboard.css HTTP/1.1" 200 434
[01/Jun/2017 13:51:54]"GET /static/admin/css/base.css HTTP/1.1" 200 14049
[01/Jun/2017 13:51:54]"GET /static/admin/img/default-bg.gif HTTP/1.1" 200 836
[01/Jun/2017 13:51:54]"GET /static/admin/img/icon_addlink.gif HTTP/1.1" 200 119
[01/Jun/2017 13:51:54]"GET /static/admin/img/nav-bg.gif HTTP/1.1" 200 265
[01/Jun/2017 13:51:54]"GET /static/admin/img/icon_changelink.gif HTTP/1.1" 200 119
[01/Jun/2017 13:51:59]"GET /admin/recipe/ingredient/ HTTP/1.1" 200 29917
[01/Jun/2017 13:51:59]"GET /static/admin/js/jquery.init.js HTTP/1.1" 200 326
[01/Jun/2017 13:51:59]"GET /static/admin/css/changelists.css HTTP/1.1" 200 5254
[01/Jun/2017 13:51:59]"GET /static/admin/js/admin/RelatedObjectLookups.js HTTP/1.1" 200 4464
[01/Jun/2017 13:51:59]"GET /static/admin/js/core.js HTTP/1.1" 200 7522
[01/Jun/2017 13:51:59]"GET /static/admin/js/jquery.js HTTP/1.1" 200 284184
[01/Jun/2017 13:51:59]"GET /static/admin/js/actions.js HTTP/1.1" 200 4910
[01/Jun/2017 13:51:59]"GET /admin/jsi18n/ HTTP/1.1" 200 2344
[01/Jun/2017 13:51:59]"GET /static/admin/img/nav-bg-reverse.gif HTTP/1.1" 200 178
[01/Jun/2017 13:51:59]"GET /static/admin/img/tooltag-add.png HTTP/1.1" 200 119
[01/Jun/2017 13:52:11]"GET /admin/recipe/ingredient/ HTTP/1.1" 302 0
[01/Jun/2017 13:52:11]"GET /admin/login/?next=/admin/recipe/ingredient/ HTTP/1.1" 200 1955
[01/Jun/2017 13:52:11]"GET /static/admin/css/base.css HTTP/1.1" 200 14049
[01/Jun/2017 13:52:11]"GET /static/admin/css/login.css HTTP/1.1" 200 940
[01/Jun/2017 13:52:11]"GET /static/admin/img/nav-bg.gif HTTP/1.1" 200 265
[01/Jun/2017 13:52:11]"GET /favicon.ico HTTP/1.1" 404 2321
[01/Jun/2017 13:52:22]"GET /static/admin/img/nav-bg-reverse.gif HTTP/1.1" 200 178
[01/Jun/2017 13:52:22]"POST /admin/login/?next=/admin/recipe/ingredient/ HTTP/1.1" 302 0
[01/Jun/2017 13:52:22]"GET /admin/recipe/ingredient/ HTTP/1.1" 200 29917
[01/Jun/2017 13:52:22]"GET /static/admin/css/changelists.css HTTP/1.1" 200 5254
[01/Jun/2017 13:52:22]"GET /static/admin/js/core.js HTTP/1.1" 200 7522
[01/Jun/2017 13:52:22]"GET /static/admin/js/admin/RelatedObjectLookups.js HTTP/1.1" 200 4464
[01/Jun/2017 13:52:22]"GET /static/admin/js/jquery.init.js HTTP/1.1" 200 326
[01/Jun/2017 13:52:22]"GET /admin/jsi18n/ HTTP/1.1" 200 2344
[01/Jun/2017 13:52:22]"GET /static/admin/js/actions.js HTTP/1.1" 200 4910
[01/Jun/2017 13:52:22]"GET /static/admin/js/jquery.js HTTP/1.1" 200 284184
[01/Jun/2017 13:52:23]"GET /static/admin/img/tooltag-add.png HTTP/1.1" 200 119
[01/Jun/2017 13:52:25]"GET /admin/web/cook/ HTTP/1.1" 200 26236
[01/Jun/2017 13:52:25]"GET /admin/jsi18n/ HTTP/1.1" 200 2344
Performing system checks...

June 01, 2017 - 13:33:51
Django version 1.8, using settings 'InCook.settings'
Starting development server at http://0.0.0.0:4210/
Quit the server with CONTROL-C.
System check identified some issues:

WARNINGS:
?: (django_mysql.W001) MySQL Strict Mode is not set for database connection 'default'
	HINT: MySQL's Strict Mode fixes many data integrity problems in MySQL, such as data truncation upon insertion, by escalating warnings into errors. It is strongly recommended you activate it. See: https://django-mysql.readthedocs.io/en/latest/checks.html#django-mysql-w001-strict-mode
?: (django_mysql.W002) InnoDB Strict Mode is not set for database connection 'default'
	HINT: InnoDB Strict Mode escalates several warnings around InnoDB-specific statements into errors. It's recommended you activate this, but it's not very likely to affect you if you don't. See: https://django-mysql.readthedocs.io/en/latest/checks.html#django-mysql-w002-innodb-strict-mode
?: (django_mysql.W003) The character set is not utf8mb4 for database connection 'default'
	HINT: The default 'utf8' character set does not include support for all Unicode characters. It's strongly recommended you move to use 'utf8mb4'. See: https://django-mysql.readthedocs.io/en/latest/checks.html#django-mysql-w003-utf8mb4

System check identified 3 issues (0 silenced).
[01/Jun/2017 14:20:20]"GET /recipe/?recipe_id=1 HTTP/1.1" 200 267
[01/Jun/2017 14:20:22]"GET /recipe/?recipe_id=1 HTTP/1.1" 200 267
[01/Jun/2017 14:20:24]"GET /recipe/?recipe_id=1 HTTP/1.1" 200 267
[01/Jun/2017 14:20:30]"GET /like/?recipe_id=1 HTTP/1.1" 200 129
[01/Jun/2017 14:20:32]"GET /admin/web/ HTTP/1.1" 200 2407
[01/Jun/2017 14:20:34]"GET /admin/ HTTP/1.1" 200 7518
[01/Jun/2017 14:20:36]"GET /admin/recipe/recipe/ HTTP/1.1" 200 4549
[01/Jun/2017 14:20:36]"GET /admin/jsi18n/ HTTP/1.1" 200 2344
[01/Jun/2017 14:20:38]"GET /admin/recipe/recipe/1/ HTTP/1.1" 200 82735
[01/Jun/2017 14:20:38]"GET /static/admin/js/calendar.js HTTP/1.1" 200 5969
[01/Jun/2017 14:20:38]"GET /static/admin/js/related-widget-wrapper.js HTTP/1.1" 200 857
[01/Jun/2017 14:20:38]"GET /static/admin/js/admin/DateTimeShortcuts.js HTTP/1.1" 200 17161
[01/Jun/2017 14:20:38]"GET /static/admin/css/forms.css HTTP/1.1" 200 6266
[01/Jun/2017 14:20:38]"GET /admin/jsi18n/ HTTP/1.1" 200 2344
[01/Jun/2017 14:20:38]"GET /static/admin/css/widgets.css HTTP/1.1" 200 10430
[01/Jun/2017 14:20:38]"GET /static/admin/img/icon_deletelink.gif HTTP/1.1" 200 181
[01/Jun/2017 14:20:38]"GET /static/admin/img/icon_calendar.gif HTTP/1.1" 200 192
[01/Jun/2017 14:20:38]"GET /static/admin/img/icon_clock.gif HTTP/1.1" 200 390
[01/Jun/2017 14:20:41]"GET /admin/auth/user/ HTTP/1.1" 200 7064
[01/Jun/2017 14:20:41]"GET /static/admin/img/icon_searchbox.png HTTP/1.1" 200 368
[01/Jun/2017 14:20:41]"GET /admin/jsi18n/ HTTP/1.1" 200 2344
[01/Jun/2017 14:20:41]"GET /static/admin/img/icon-yes.gif HTTP/1.1" 200 299
[01/Jun/2017 14:20:41]"GET /static/admin/img/changelist-bg.gif HTTP/1.1" 200 50
[01/Jun/2017 14:20:41]"GET /static/admin/img/nav-bg-selected.gif HTTP/1.1" 200 265
[01/Jun/2017 14:20:41]"GET /static/admin/img/sorting-icons.gif HTTP/1.1" 200 369
[01/Jun/2017 14:20:42]"GET /admin/auth/user/1/ HTTP/1.1" 200 23147
[01/Jun/2017 14:20:43]"GET /static/admin/js/SelectFilter2.js HTTP/1.1" 200 10127
[01/Jun/2017 14:20:43]"GET /static/admin/js/SelectBox.js HTTP/1.1" 200 4222
[01/Jun/2017 14:20:43]"GET /static/admin/js/inlines.js HTTP/1.1" 200 11191
[01/Jun/2017 14:20:43]"GET /admin/jsi18n/ HTTP/1.1" 200 2344
[01/Jun/2017 14:20:43]"GET /static/admin/img/selector-icons.gif HTTP/1.1" 200 2771
[01/Jun/2017 14:20:43]"GET /static/admin/img/icon-unknown.gif HTTP/1.1" 200 130
[01/Jun/2017 14:20:43]"GET /static/admin/img/selector-search.gif HTTP/1.1" 200 552
[01/Jun/2017 14:20:46]"GET /like/?recipe_id=1 HTTP/1.1" 200 133
[01/Jun/2017 14:20:47]"GET /admin/auth/user/1/ HTTP/1.1" 200 23073
[01/Jun/2017 14:20:47]"GET /admin/jsi18n/ HTTP/1.1" 200 2344
[01/Jun/2017 14:20:51]"GET /like/?recipe_id=1 HTTP/1.1" 200 129
[01/Jun/2017 14:20:51]"GET /admin/auth/user/1/ HTTP/1.1" 200 23127
[01/Jun/2017 14:20:52]"GET /admin/jsi18n/ HTTP/1.1" 200 2344
[01/Jun/2017 14:20:56]"GET /bookmark/?recipe_id=1 HTTP/1.1" 200 91
[01/Jun/2017 14:20:58]"GET /admin/auth/user/1/ HTTP/1.1" 200 23073
[01/Jun/2017 14:20:58]"GET /admin/jsi18n/ HTTP/1.1" 200 2344
[01/Jun/2017 14:21:01]"GET /bookmark/?recipe_id=1 HTTP/1.1" 200 90
[01/Jun/2017 14:21:02]"GET /admin/auth/user/1/ HTTP/1.1" 200 23127
[01/Jun/2017 14:21:02]"GET /admin/jsi18n/ HTTP/1.1" 200 2344
[02/Jun/2017 14:44:49]"GET / HTTP/1.1" 404 2420
[02/Jun/2017 14:44:52]"GET /login HTTP/1.1" 200 968
[02/Jun/2017 14:44:56]"POST /login HTTP/1.1" 302 0
[02/Jun/2017 14:44:56]"GET /profile HTTP/1.1" 404 2441
[02/Jun/2017 15:31:29]"GET /admin/ HTTP/1.1" 200 7622
[02/Jun/2017 15:31:31]"GET /admin/recipe/ingredient/ HTTP/1.1" 200 28980
[02/Jun/2017 15:31:31]"GET /admin/jsi18n/ HTTP/1.1" 200 2344
[02/Jun/2017 15:31:34]"GET /admin/recipe/ingredient/2366/ HTTP/1.1" 200 4347
[02/Jun/2017 15:31:34]"GET /admin/jsi18n/ HTTP/1.1" 200 2344
[02/Jun/2017 15:31:38]"GET /static/admin/img/default-bg-reverse.gif HTTP/1.1" 200 835
[02/Jun/2017 15:31:38]"POST /admin/recipe/ingredient/2366/ HTTP/1.1" 302 0
[02/Jun/2017 15:31:38]"GET /admin/recipe/ingredient/ HTTP/1.1" 200 29103
[02/Jun/2017 15:31:38]"GET /admin/jsi18n/ HTTP/1.1" 200 2344
[02/Jun/2017 15:31:38]"GET /static/admin/img/icon_success.gif HTTP/1.1" 200 341
[02/Jun/2017 15:31:44]"POST /admin/recipe/ingredient/ HTTP/1.1" 200 2707
[02/Jun/2017 15:31:46]"POST /admin/recipe/ingredient/ HTTP/1.1" 302 0
[02/Jun/2017 15:31:46]"GET /admin/recipe/ingredient/ HTTP/1.1" 200 29131
[02/Jun/2017 15:31:46]"GET /admin/jsi18n/ HTTP/1.1" 200 2344
Performing system checks...


You have unapplied migrations; your app may not work properly until they are applied.
Run 'python manage.py migrate' to apply them.
June 01, 2017 - 14:20:04
Django version 1.8, using settings 'InCook.settings'
Starting development server at http://0.0.0.0:4210/
Quit the server with CONTROL-C.
System check identified some issues:

WARNINGS:
?: (django_mysql.W001) MySQL Strict Mode is not set for database connection 'default'
	HINT: MySQL's Strict Mode fixes many data integrity problems in MySQL, such as data truncation upon insertion, by escalating warnings into errors. It is strongly recommended you activate it. See: https://django-mysql.readthedocs.io/en/latest/checks.html#django-mysql-w001-strict-mode
?: (django_mysql.W002) InnoDB Strict Mode is not set for database connection 'default'
	HINT: InnoDB Strict Mode escalates several warnings around InnoDB-specific statements into errors. It's recommended you activate this, but it's not very likely to affect you if you don't. See: https://django-mysql.readthedocs.io/en/latest/checks.html#django-mysql-w002-innodb-strict-mode
?: (django_mysql.W003) The character set is not utf8mb4 for database connection 'default'
	HINT: The default 'utf8' character set does not include support for all Unicode characters. It's strongly recommended you move to use 'utf8mb4'. See: https://django-mysql.readthedocs.io/en/latest/checks.html#django-mysql-w003-utf8mb4

System check identified 3 issues (0 silenced).
[02/Jun/2017 16:29:48]"GET /admin/recipe/ingredient/ HTTP/1.1" 500 202368
[02/Jun/2017 16:29:51]"GET /admin/recipe/ingredient/ HTTP/1.1" 500 202366
[02/Jun/2017 16:29:52]"GET /admin/recipe/ingredient/ HTTP/1.1" 500 202367
[02/Jun/2017 16:30:23]"GET /admin/recipe/ingredient/ HTTP/1.1" 500 202366
[02/Jun/2017 16:30:24]"GET /admin/recipe/ingredient/ HTTP/1.1" 500 202367
[02/Jun/2017 16:30:25]"GET /admin/recipe/ingredient/ HTTP/1.1" 500 202368
[02/Jun/2017 16:30:25]"GET /admin/recipe/ingredient/ HTTP/1.1" 500 202367
[02/Jun/2017 16:30:25]"GET /admin/recipe/ingredient/ HTTP/1.1" 500 202367
[02/Jun/2017 16:30:26]"GET /admin/recipe/ingredient/ HTTP/1.1" 500 202368
[02/Jun/2017 16:30:43]"GET /admin/recipe/ingredient/ HTTP/1.1" 200 27476
[02/Jun/2017 16:30:43]"GET /admin/jsi18n/ HTTP/1.1" 200 2344
[02/Jun/2017 16:30:50]"POST /admin/recipe/ingredient/ HTTP/1.1" 200 2701
[02/Jun/2017 16:30:50]"POST /admin/recipe/ingredient/ HTTP/1.1" 302 0
[02/Jun/2017 16:30:51]"GET /admin/recipe/ingredient/ HTTP/1.1" 200 27603
[02/Jun/2017 16:30:51]"GET /admin/jsi18n/ HTTP/1.1" 200 2344
[02/Jun/2017 16:30:56]"GET /admin/recipe/ingredient/?p=11 HTTP/1.1" 200 5460
[02/Jun/2017 16:30:56]"GET /admin/jsi18n/ HTTP/1.1" 200 2344
[02/Jun/2017 16:30:58]"GET /admin/recipe/ingredient/2406/?_changelist_filters=p%3D11 HTTP/1.1" 200 4856
[02/Jun/2017 16:30:58]"GET /admin/jsi18n/ HTTP/1.1" 200 2344
[02/Jun/2017 16:31:31]"GET /admin/recipe/ingredient/?p=0 HTTP/1.1" 200 30103
[02/Jun/2017 16:31:31]"GET /admin/jsi18n/ HTTP/1.1" 200 2344
[02/Jun/2017 16:55:41]"GET /admin/recipe/ingredient/?p=11 HTTP/1.1" 200 5460
[02/Jun/2017 16:55:41]"GET /admin/jsi18n/ HTTP/1.1" 200 2344
[02/Jun/2017 16:55:43]"GET /admin/recipe/ingredient/?p=10 HTTP/1.1" 200 30261
[02/Jun/2017 16:55:43]"GET /admin/jsi18n/ HTTP/1.1" 200 2344
[02/Jun/2017 17:19:36]"GET /admin/recipe/ingredient/?p=10 HTTP/1.1" 200 30261
[02/Jun/2017 17:19:36]"GET /admin/jsi18n/ HTTP/1.1" 200 2344
[02/Jun/2017 17:19:36]"GET /admin/recipe/ingredient/2507/?_changelist_filters=p%3D10 HTTP/1.1" 200 4908
[02/Jun/2017 17:19:36]"GET /admin/jsi18n/ HTTP/1.1" 200 2344
[02/Jun/2017 17:19:41]"GET /admin/recipe/ingredient/2506/?_changelist_filters=p%3D10 HTTP/1.1" 200 4864
[02/Jun/2017 17:19:41]"GET /admin/jsi18n/ HTTP/1.1" 200 2344
[02/Jun/2017 17:19:44]"GET /admin/recipe/ingredient/2505/?_changelist_filters=p%3D10 HTTP/1.1" 200 4994
[02/Jun/2017 17:19:44]"GET /admin/jsi18n/ HTTP/1.1" 200 2344
[02/Jun/2017 17:20:02]"GET /admin/recipe/ingredient/2501/?_changelist_filters=p%3D10 HTTP/1.1" 200 5217
[02/Jun/2017 17:20:02]"GET /admin/jsi18n/ HTTP/1.1" 200 2344
[02/Jun/2017 17:20:08]"GET /admin/recipe/ingredient/2495/?_changelist_filters=p%3D10 HTTP/1.1" 200 4862
[02/Jun/2017 17:20:08]"GET /admin/jsi18n/ HTTP/1.1" 200 2344
[02/Jun/2017 17:20:11]"GET /admin/recipe/ingredient/2488/?_changelist_filters=p%3D10 HTTP/1.1" 200 5211
[02/Jun/2017 17:20:11]"GET /admin/jsi18n/ HTTP/1.1" 200 2344
[02/Jun/2017 17:21:01]"GET /admin/recipe/ingredient/2471/?_changelist_filters=p%3D10 HTTP/1.1" 200 5201
[02/Jun/2017 17:21:01]"GET /admin/jsi18n/ HTTP/1.1" 200 2344
[02/Jun/2017 17:21:03]"GET /admin/recipe/ingredient/2480/?_changelist_filters=p%3D10 HTTP/1.1" 200 5237
[02/Jun/2017 17:21:04]"GET /admin/jsi18n/ HTTP/1.1" 200 2344
[02/Jun/2017 17:21:34]"GET /admin/recipe/ingredient/?p=10 HTTP/1.1" 200 30261
[02/Jun/2017 17:21:34]"GET /admin/jsi18n/ HTTP/1.1" 200 2344
[02/Jun/2017 17:21:35]"GET /admin/recipe/ingredient/2492/?_changelist_filters=p%3D10 HTTP/1.1" 200 5215
[02/Jun/2017 17:21:35]"GET /admin/jsi18n/ HTTP/1.1" 200 2344
[02/Jun/2017 17:21:41]"GET /admin/recipe/ingredient/2489/?_changelist_filters=p%3D10 HTTP/1.1" 200 4870
[02/Jun/2017 17:21:41]"GET /admin/jsi18n/ HTTP/1.1" 200 2344
[02/Jun/2017 17:21:43]"GET /admin/recipe/ingredient/2493/?_changelist_filters=p%3D10 HTTP/1.1" 200 5209
[02/Jun/2017 17:21:43]"GET /admin/jsi18n/ HTTP/1.1" 200 2344
[02/Jun/2017 17:21:47]"GET /admin/recipe/ingredient/2493/?_changelist_filters=p%3D10 HTTP/1.1" 200 5209
[02/Jun/2017 17:21:47]"GET /admin/jsi18n/ HTTP/1.1" 200 2344
[02/Jun/2017 17:22:06]"GET /admin/recipe/ingredient/2462/?_changelist_filters=p%3D10 HTTP/1.1" 200 5159
[02/Jun/2017 17:22:06]"GET /admin/jsi18n/ HTTP/1.1" 200 2344
[02/Jun/2017 17:22:10]"GET /admin/recipe/ingredient/2466/?_changelist_filters=p%3D10 HTTP/1.1" 200 5157
[02/Jun/2017 17:22:10]"GET /admin/jsi18n/ HTTP/1.1" 200 2344
[02/Jun/2017 17:22:14]"GET /admin/recipe/ingredient/2444/?_changelist_filters=p%3D10 HTTP/1.1" 200 4878
[02/Jun/2017 17:22:14]"GET /admin/jsi18n/ HTTP/1.1" 200 2344
[02/Jun/2017 17:22:50]"GET /admin/recipe/ingredient/2462/?_changelist_filters=p%3D10 HTTP/1.1" 200 5159
[02/Jun/2017 17:22:50]"GET /admin/jsi18n/ HTTP/1.1" 200 2344
[02/Jun/2017 17:22:53]"GET /admin/recipe/ingredient/?p=10 HTTP/1.1" 200 30261
[02/Jun/2017 17:22:53]"GET /admin/jsi18n/ HTTP/1.1" 200 2344
[02/Jun/2017 17:22:53]"GET /admin/recipe/ingredient/2475/?_changelist_filters=p%3D10 HTTP/1.1" 200 5211
[02/Jun/2017 17:22:53]"GET /admin/jsi18n/ HTTP/1.1" 200 2344
[02/Jun/2017 17:22:56]"GET /admin/recipe/ingredient/ HTTP/1.1" 200 27477
[02/Jun/2017 17:22:56]"GET /admin/jsi18n/ HTTP/1.1" 200 2344
[02/Jun/2017 17:22:57]"GET /admin/recipe/ingredient/3507/ HTTP/1.1" 200 4773
[02/Jun/2017 17:22:57]"GET /admin/jsi18n/ HTTP/1.1" 200 2344
[02/Jun/2017 17:22:59]"GET /admin/recipe/ingredient/3505/ HTTP/1.1" 200 4779
[02/Jun/2017 17:22:59]"GET /admin/jsi18n/ HTTP/1.1" 200 2344
[02/Jun/2017 17:23:02]"GET /admin/recipe/ingredient/3502/ HTTP/1.1" 200 4771
[02/Jun/2017 17:23:02]"GET /admin/jsi18n/ HTTP/1.1" 200 2344
[02/Jun/2017 17:23:05]"GET /admin/recipe/ingredient/3500/ HTTP/1.1" 200 4865
[02/Jun/2017 17:23:05]"GET /admin/jsi18n/ HTTP/1.1" 200 2344
[02/Jun/2017 17:23:38]"GET /admin/recipe/ingredient/ HTTP/1.1" 200 27477
[02/Jun/2017 17:23:38]"GET /admin/jsi18n/ HTTP/1.1" 200 2344
[02/Jun/2017 17:23:40]"GET /admin/recipe/ingredient/3495/ HTTP/1.1" 200 5160
[02/Jun/2017 17:23:40]"GET /admin/jsi18n/ HTTP/1.1" 200 2344
[02/Jun/2017 17:23:54]"GET /admin/recipe/ingredient/ HTTP/1.1" 200 27477
[02/Jun/2017 17:23:54]"GET /admin/jsi18n/ HTTP/1.1" 200 2344
[02/Jun/2017 17:23:55]"GET /admin/recipe/ingredient/ HTTP/1.1" 200 27477
[02/Jun/2017 17:23:55]"GET /admin/jsi18n/ HTTP/1.1" 200 2344
[02/Jun/2017 17:23:55]"GET /admin/recipe/ingredient/ HTTP/1.1" 200 27477
[02/Jun/2017 17:23:55]"GET /admin/jsi18n/ HTTP/1.1" 200 2344
[02/Jun/2017 17:23:55]"GET /admin/recipe/ingredient/ HTTP/1.1" 200 27477
[02/Jun/2017 17:23:55]"GET /admin/jsi18n/ HTTP/1.1" 200 2344
[02/Jun/2017 17:23:56]"GET /admin/recipe/ingredient/3483/ HTTP/1.1" 200 4804
[02/Jun/2017 17:23:56]"GET /admin/jsi18n/ HTTP/1.1" 200 2344
[02/Jun/2017 17:23:58]"GET /admin/recipe/ingredient/3482/ HTTP/1.1" 200 4798
[02/Jun/2017 17:23:58]"GET /admin/jsi18n/ HTTP/1.1" 200 2344
[02/Jun/2017 17:24:03]"GET /admin/recipe/ingredient/3472/ HTTP/1.1" 200 4816
[02/Jun/2017 17:24:03]"GET /admin/jsi18n/ HTTP/1.1" 200 2344
[02/Jun/2017 17:24:36]"GET /admin/recipe/ingredient/ HTTP/1.1" 200 27477
[02/Jun/2017 17:24:36]"GET /admin/jsi18n/ HTTP/1.1" 200 2344
[02/Jun/2017 17:24:37]"GET /admin/recipe/ingredient/3497/ HTTP/1.1" 200 4789
[02/Jun/2017 17:24:37]"GET /admin/jsi18n/ HTTP/1.1" 200 2344
[02/Jun/2017 17:24:39]"GET /admin/recipe/ingredient/3499/ HTTP/1.1" 200 4787
[02/Jun/2017 17:24:39]"GET /admin/jsi18n/ HTTP/1.1" 200 2344
[02/Jun/2017 17:24:42]"GET /admin/recipe/ingredient/3484/ HTTP/1.1" 200 4801
[02/Jun/2017 17:24:42]"GET /admin/jsi18n/ HTTP/1.1" 200 2344
[02/Jun/2017 23:20:17]"GET /login HTTP/1.1" 200 968
[02/Jun/2017 23:20:21]"POST /login HTTP/1.1" 302 0
[02/Jun/2017 23:20:21]"GET /profile HTTP/1.1" 404 2441
[02/Jun/2017 23:20:37]"GET /recipe/?recipe_id=1 HTTP/1.1" 200 232
[02/Jun/2017 23:20:48]"GET /recipe/?recipe_id=1&recipe_id=2 HTTP/1.1" 200 67
[03/Jun/2017 01:12:10]"GET / HTTP/1.1" 404 2420
[03/Jun/2017 01:12:10]"GET /favicon.ico HTTP/1.1" 404 2453
[04/Jun/2017 21:39:27]"GET / HTTP/1.1" 404 2420
[04/Jun/2017 21:39:31]"GET /add HTTP/1.1" 404 2429
Performing system checks...


You have unapplied migrations; your app may not work properly until they are applied.
Run 'python manage.py migrate' to apply them.
June 02, 2017 - 16:25:14
Django version 1.8, using settings 'InCook.settings'
Starting development server at http://0.0.0.0:4210/
Quit the server with CONTROL-C.
System check identified some issues:

WARNINGS:
?: (django_mysql.W001) MySQL Strict Mode is not set for database connection 'default'
	HINT: MySQL's Strict Mode fixes many data integrity problems in MySQL, such as data truncation upon insertion, by escalating warnings into errors. It is strongly recommended you activate it. See: https://django-mysql.readthedocs.io/en/latest/checks.html#django-mysql-w001-strict-mode
?: (django_mysql.W002) InnoDB Strict Mode is not set for database connection 'default'
	HINT: InnoDB Strict Mode escalates several warnings around InnoDB-specific statements into errors. It's recommended you activate this, but it's not very likely to affect you if you don't. See: https://django-mysql.readthedocs.io/en/latest/checks.html#django-mysql-w002-innodb-strict-mode
?: (django_mysql.W003) The character set is not utf8mb4 for database connection 'default'
	HINT: The default 'utf8' character set does not include support for all Unicode characters. It's strongly recommended you move to use 'utf8mb4'. See: https://django-mysql.readthedocs.io/en/latest/checks.html#django-mysql-w003-utf8mb4

System check identified 3 issues (0 silenced).
[04/Jun/2017 21:56:21]"GET /login HTTP/1.1" 200 968
[04/Jun/2017 21:56:25]"POST /login HTTP/1.1" 302 0
[04/Jun/2017 21:56:25]"GET /profile HTTP/1.1" 404 2933
[04/Jun/2017 21:56:29]"GET /add HTTP/1.1" 301 0
[04/Jun/2017 21:56:29]"GET /add/ HTTP/1.1" 200 708
[04/Jun/2017 22:41:07]"GET /admin/ HTTP/1.1" 200 7315
[04/Jun/2017 22:41:07]"GET /static/admin/css/base.css HTTP/1.1" 200 14049
[04/Jun/2017 22:41:07]"GET /static/admin/css/dashboard.css HTTP/1.1" 200 434
[04/Jun/2017 22:41:07]"GET /static/admin/img/icon_changelink.gif HTTP/1.1" 200 119
[04/Jun/2017 22:41:07]"GET /static/admin/img/icon_addlink.gif HTTP/1.1" 200 119
[04/Jun/2017 22:41:07]"GET /static/admin/img/default-bg.gif HTTP/1.1" 200 836
[04/Jun/2017 22:41:07]"GET /static/admin/img/nav-bg.gif HTTP/1.1" 200 265
[04/Jun/2017 22:41:07]"GET /static/admin/img/icon_deletelink.gif HTTP/1.1" 200 181
[04/Jun/2017 22:41:10]"GET /admin/web/cook/ HTTP/1.1" 200 26236
[04/Jun/2017 22:41:10]"GET /static/admin/css/changelists.css HTTP/1.1" 200 5254
[04/Jun/2017 22:41:10]"GET /static/admin/js/core.js HTTP/1.1" 200 7522
[04/Jun/2017 22:41:10]"GET /static/admin/js/admin/RelatedObjectLookups.js HTTP/1.1" 200 4464
[04/Jun/2017 22:41:10]"GET /static/admin/js/jquery.init.js HTTP/1.1" 200 326
[04/Jun/2017 22:41:10]"GET /static/admin/js/actions.js HTTP/1.1" 200 4910
[04/Jun/2017 22:41:10]"GET /admin/jsi18n/ HTTP/1.1" 200 2344
[04/Jun/2017 22:41:10]"GET /static/admin/js/jquery.js HTTP/1.1" 200 284184
[04/Jun/2017 22:41:10]"GET /static/admin/img/nav-bg-reverse.gif HTTP/1.1" 200 178
[04/Jun/2017 22:41:10]"GET /static/admin/img/tooltag-add.png HTTP/1.1" 200 119
[04/Jun/2017 22:41:12]"GET /admin/web/cook/147/ HTTP/1.1" 200 22229
[04/Jun/2017 22:41:12]"GET /static/admin/css/forms.css HTTP/1.1" 200 6266
[04/Jun/2017 22:41:12]"GET /admin/jsi18n/ HTTP/1.1" 200 2344
[04/Jun/2017 22:41:12]"GET /static/admin/css/widgets.css HTTP/1.1" 200 10430
[04/Jun/2017 22:46:39]"GET / HTTP/1.1" 200 0
[04/Jun/2017 22:46:42]"GET /add HTTP/1.1" 301 0
[04/Jun/2017 22:46:42]"GET /add/ HTTP/1.1" 200 708
[04/Jun/2017 22:50:54]"GET / HTTP/1.1" 200 0
[04/Jun/2017 22:50:57]"GET /login HTTP/1.1" 200 968
[04/Jun/2017 22:51:01]"POST /login HTTP/1.1" 302 0
[04/Jun/2017 22:51:01]"GET /profile HTTP/1.1" 404 2933
[04/Jun/2017 22:51:06]"GET / HTTP/1.1" 200 0
[04/Jun/2017 22:51:21]"GET /%E3%85%81%E3%85%87 HTTP/1.1" 404 2942
[04/Jun/2017 22:51:23]"GET /admin/ HTTP/1.1" 200 7351
[04/Jun/2017 22:51:26]"GET /admin/web/cook/ HTTP/1.1" 200 26236
[04/Jun/2017 22:51:26]"GET /admin/jsi18n/ HTTP/1.1" 200 2344
[04/Jun/2017 22:51:27]"GET /admin/web/cook/146/ HTTP/1.1" 200 22247
[04/Jun/2017 22:51:27]"GET /admin/jsi18n/ HTTP/1.1" 200 2344
[04/Jun/2017 22:51:30]"GET /admin/web/cook/ HTTP/1.1" 200 26236
[04/Jun/2017 22:52:44]"GET /admin/web/cook/147/ HTTP/1.1" 200 22229
[04/Jun/2017 22:52:44]"GET /admin/jsi18n/ HTTP/1.1" 200 2344
[04/Jun/2017 23:36:57]"GET /login HTTP/1.1" 200 968
[04/Jun/2017 23:37:02]"POST /login HTTP/1.1" 302 0
[04/Jun/2017 23:37:02]"GET /profile HTTP/1.1" 404 2933
[04/Jun/2017 23:37:06]"GET /like HTTP/1.1" 301 0
[04/Jun/2017 23:37:06]"GET /like/ HTTP/1.1" 500 83599
[04/Jun/2017 23:37:14]"GET /like/?recipe_id=1 HTTP/1.1" 200 67
[04/Jun/2017 23:37:15]"GET /like/?recipe_id=1 HTTP/1.1" 200 67
[04/Jun/2017 23:37:18]"GET /like/?recipe_id=2 HTTP/1.1" 200 67
[04/Jun/2017 23:37:19]"GET /like/?recipe_id=2 HTTP/1.1" 200 67
[04/Jun/2017 23:37:20]"GET /like/?recipe_id=0 HTTP/1.1" 200 67
[04/Jun/2017 23:37:23]"GET /like/?recipe_id=3 HTTP/1.1" 200 67
[05/Jun/2017 00:38:22]"GET /admin/web/cook/ HTTP/1.1" 200 26236
[05/Jun/2017 00:38:22]"GET /admin/jsi18n/ HTTP/1.1" 200 2344
[05/Jun/2017 00:38:29]"GET /admin/ HTTP/1.1" 200 7351
[05/Jun/2017 00:38:35]"GET /admin/recipe/recipe/ HTTP/1.1" 200 5533
[05/Jun/2017 00:38:35]"GET /admin/jsi18n/ HTTP/1.1" 200 2344
[05/Jun/2017 00:38:37]"GET /admin/recipe/recipe/6/ HTTP/1.1" 200 59910
[05/Jun/2017 00:38:37]"GET /static/admin/js/related-widget-wrapper.js HTTP/1.1" 200 857
[05/Jun/2017 00:38:37]"GET /static/admin/js/calendar.js HTTP/1.1" 200 5969
[05/Jun/2017 00:38:37]"GET /static/admin/js/admin/DateTimeShortcuts.js HTTP/1.1" 200 17161
[05/Jun/2017 00:38:37]"GET /admin/jsi18n/ HTTP/1.1" 200 2344
[05/Jun/2017 00:38:37]"GET /static/admin/img/icon_clock.gif HTTP/1.1" 200 390
[05/Jun/2017 00:38:37]"GET /static/admin/img/icon_calendar.gif HTTP/1.1" 200 192
[05/Jun/2017 00:40:54]"GET /admin/recipe/recipe/8/ HTTP/1.1" 200 60148
[05/Jun/2017 00:40:54]"GET /admin/jsi18n/ HTTP/1.1" 200 2344
[05/Jun/2017 00:42:23]"GET /admin/recipe/recipe/6/ HTTP/1.1" 200 59910
[05/Jun/2017 00:42:23]"GET /admin/jsi18n/ HTTP/1.1" 200 2344
[05/Jun/2017 00:43:38]"GET /admin/recipe/recipe/8/ HTTP/1.1" 200 60148
[05/Jun/2017 00:43:38]"GET /admin/jsi18n/ HTTP/1.1" 200 2344
[05/Jun/2017 00:44:34]"GET /admin/recipe/recipe/6/ HTTP/1.1" 200 59910
[05/Jun/2017 00:44:34]"GET /admin/jsi18n/ HTTP/1.1" 200 2344
[05/Jun/2017 00:45:13]"GET /admin/recipe/recipe/9/ HTTP/1.1" 200 59938
[05/Jun/2017 00:45:13]"GET /admin/jsi18n/ HTTP/1.1" 200 2344
[05/Jun/2017 00:47:15]"GET /admin/recipe/recipe/10/ HTTP/1.1" 200 60184
[05/Jun/2017 00:47:15]"GET /admin/jsi18n/ HTTP/1.1" 200 2344
[05/Jun/2017 00:47:52]"GET /static/admin/img/default-bg-reverse.gif HTTP/1.1" 200 835
[05/Jun/2017 00:47:53]"POST /admin/recipe/recipe/10/ HTTP/1.1" 302 0
[05/Jun/2017 00:47:53]"GET /admin/recipe/recipe/ HTTP/1.1" 200 5697
[05/Jun/2017 00:47:53]"GET /admin/jsi18n/ HTTP/1.1" 200 2344
[05/Jun/2017 00:47:53]"GET /static/admin/img/icon_success.gif HTTP/1.1" 200 341
[05/Jun/2017 00:47:58]"GET /admin/recipe/recipe/12/ HTTP/1.1" 200 60623
[05/Jun/2017 00:47:58]"GET /admin/jsi18n/ HTTP/1.1" 200 2344
[05/Jun/2017 00:48:04]"POST /admin/recipe/recipe/12/ HTTP/1.1" 302 0
[05/Jun/2017 00:48:04]"GET /admin/recipe/recipe/ HTTP/1.1" 200 5706
[05/Jun/2017 00:48:04]"GET /admin/jsi18n/ HTTP/1.1" 200 2344
[05/Jun/2017 00:48:07]"GET /admin/recipe/recipe/12/ HTTP/1.1" 200 60609
[05/Jun/2017 00:48:07]"GET /admin/jsi18n/ HTTP/1.1" 200 2344
[05/Jun/2017 00:48:28]"POST /admin/recipe/recipe/12/ HTTP/1.1" 302 0
[05/Jun/2017 00:48:28]"GET /admin/recipe/recipe/ HTTP/1.1" 200 5706
[05/Jun/2017 00:48:28]"GET /admin/jsi18n/ HTTP/1.1" 200 2344
[05/Jun/2017 00:48:29]"GET /admin/recipe/recipe/13/ HTTP/1.1" 200 59865
[05/Jun/2017 00:48:29]"GET /admin/jsi18n/ HTTP/1.1" 200 2344
[05/Jun/2017 00:48:39]"POST /admin/recipe/recipe/13/ HTTP/1.1" 302 0
[05/Jun/2017 00:48:39]"GET /admin/recipe/recipe/ HTTP/1.1" 200 5713
[05/Jun/2017 00:48:39]"GET /admin/jsi18n/ HTTP/1.1" 200 2344
[05/Jun/2017 00:48:40]"GET /admin/recipe/recipe/13/ HTTP/1.1" 200 59858
[05/Jun/2017 00:48:40]"GET /admin/jsi18n/ HTTP/1.1" 200 2344
[05/Jun/2017 00:49:08]"POST /admin/recipe/recipe/13/ HTTP/1.1" 302 0
[05/Jun/2017 00:49:08]"GET /admin/recipe/recipe/ HTTP/1.1" 200 5713
[05/Jun/2017 00:49:08]"GET /admin/jsi18n/ HTTP/1.1" 200 2344
[05/Jun/2017 00:49:24]"GET /admin/recipe/recipe/6/ HTTP/1.1" 200 59910
[05/Jun/2017 00:49:24]"GET /admin/jsi18n/ HTTP/1.1" 200 2344
[05/Jun/2017 00:49:29]"POST /admin/recipe/recipe/6/ HTTP/1.1" 302 0
[05/Jun/2017 00:49:29]"GET /admin/recipe/recipe/ HTTP/1.1" 200 5694
[05/Jun/2017 00:49:29]"GET /admin/jsi18n/ HTTP/1.1" 200 2344
[05/Jun/2017 00:49:31]"GET /admin/recipe/recipe/8/ HTTP/1.1" 200 60148
[05/Jun/2017 00:49:31]"GET /admin/jsi18n/ HTTP/1.1" 200 2344
[05/Jun/2017 00:49:36]"POST /admin/recipe/recipe/8/ HTTP/1.1" 302 0
[05/Jun/2017 00:49:36]"GET /admin/recipe/recipe/ HTTP/1.1" 200 5687
[05/Jun/2017 00:49:36]"GET /admin/jsi18n/ HTTP/1.1" 200 2344
[05/Jun/2017 00:49:38]"GET /admin/recipe/recipe/9/ HTTP/1.1" 200 59938
[05/Jun/2017 00:49:38]"GET /admin/jsi18n/ HTTP/1.1" 200 2344
[05/Jun/2017 00:49:43]"POST /admin/recipe/recipe/9/ HTTP/1.1" 302 0
[05/Jun/2017 00:49:43]"GET /admin/recipe/recipe/ HTTP/1.1" 200 5701
[05/Jun/2017 00:49:43]"GET /admin/jsi18n/ HTTP/1.1" 200 2344
[05/Jun/2017 00:49:45]"GET /admin/recipe/recipe/10/ HTTP/1.1" 200 60161
[05/Jun/2017 00:49:45]"GET /admin/jsi18n/ HTTP/1.1" 200 2344
[05/Jun/2017 00:49:47]"GET /admin/recipe/recipe/ HTTP/1.1" 200 5533
[05/Jun/2017 00:49:48]"GET /admin/recipe/recipe/12/ HTTP/1.1" 200 60609
[05/Jun/2017 00:49:48]"GET /admin/jsi18n/ HTTP/1.1" 200 2344
[05/Jun/2017 00:49:51]"GET /admin/recipe/recipe/13/ HTTP/1.1" 200 59858
[05/Jun/2017 00:49:51]"GET /admin/jsi18n/ HTTP/1.1" 200 2344
[05/Jun/2017 01:17:34]"GET / HTTP/1.1" 200 0
[05/Jun/2017 01:40:06]"GET / HTTP/1.1" 200 0
[05/Jun/2017 01:40:09]"GET /rating HTTP/1.1" 301 0
[05/Jun/2017 01:40:10]"GET /rating/ HTTP/1.1" 500 81600
[05/Jun/2017 16:36:12]"GET /admin/ HTTP/1.1" 200 7669
[05/Jun/2017 16:36:12]"GET /static/admin/css/base.css HTTP/1.1" 304 0
[05/Jun/2017 16:36:12]"GET /static/admin/css/dashboard.css HTTP/1.1" 304 0
[05/Jun/2017 16:36:12]"GET /static/admin/img/default-bg.gif HTTP/1.1" 304 0
[05/Jun/2017 16:36:12]"GET /static/admin/img/nav-bg.gif HTTP/1.1" 304 0
[05/Jun/2017 16:36:12]"GET /static/admin/img/icon_addlink.gif HTTP/1.1" 304 0
[05/Jun/2017 16:36:12]"GET /static/admin/img/icon_changelink.gif HTTP/1.1" 304 0
[05/Jun/2017 16:36:15]"GET /admin/recipe/ingredient/ HTTP/1.1" 200 27558
[05/Jun/2017 16:36:15]"GET /static/admin/js/admin/RelatedObjectLookups.js HTTP/1.1" 304 0
[05/Jun/2017 16:36:15]"GET /static/admin/js/core.js HTTP/1.1" 304 0
[05/Jun/2017 16:36:15]"GET /static/admin/js/jquery.init.js HTTP/1.1" 304 0
[05/Jun/2017 16:36:15]"GET /static/admin/js/jquery.js HTTP/1.1" 304 0
[05/Jun/2017 16:36:15]"GET /static/admin/css/changelists.css HTTP/1.1" 304 0
[05/Jun/2017 16:36:15]"GET /static/admin/js/actions.js HTTP/1.1" 304 0
[05/Jun/2017 16:36:15]"GET /admin/jsi18n/ HTTP/1.1" 200 2344
[05/Jun/2017 16:36:15]"GET /static/admin/img/tooltag-add.png HTTP/1.1" 304 0
[05/Jun/2017 16:36:15]"GET /static/admin/img/nav-bg-reverse.gif HTTP/1.1" 304 0
[05/Jun/2017 16:36:16]"GET /admin/recipe/ingredient/ HTTP/1.1" 200 27558
[05/Jun/2017 16:36:16]"GET /admin/jsi18n/ HTTP/1.1" 200 2344
[05/Jun/2017 16:36:17]"GET /admin/ HTTP/1.1" 200 7669
[05/Jun/2017 16:36:18]"GET /admin/recipe/recipe/ HTTP/1.1" 200 5747
[05/Jun/2017 16:36:18]"GET /admin/jsi18n/ HTTP/1.1" 200 2344
[05/Jun/2017 16:36:19]"GET /admin/recipe/recipe/14/ HTTP/1.1" 200 58797
[05/Jun/2017 16:36:19]"GET /static/admin/css/forms.css HTTP/1.1" 304 0
[05/Jun/2017 16:36:19]"GET /static/admin/js/calendar.js HTTP/1.1" 304 0
[05/Jun/2017 16:36:19]"GET /static/admin/js/related-widget-wrapper.js HTTP/1.1" 304 0
[05/Jun/2017 16:36:19]"GET /static/admin/js/admin/DateTimeShortcuts.js HTTP/1.1" 304 0
[05/Jun/2017 16:36:19]"GET /static/admin/css/widgets.css HTTP/1.1" 304 0
[05/Jun/2017 16:36:19]"GET /admin/jsi18n/ HTTP/1.1" 200 2344
[05/Jun/2017 16:36:19]"GET /static/admin/img/icon_deletelink.gif HTTP/1.1" 304 0
[05/Jun/2017 16:36:19]"GET /static/admin/img/icon_calendar.gif HTTP/1.1" 304 0
[05/Jun/2017 16:36:19]"GET /static/admin/img/icon_clock.gif HTTP/1.1" 304 0
[05/Jun/2017 16:57:46]"GET /admin/ HTTP/1.1" 200 7669
[05/Jun/2017 16:57:46]"GET /favicon.ico HTTP/1.1" 404 2945
[05/Jun/2017 16:57:51]"GET /admin/auth/user/ HTTP/1.1" 200 8293
[05/Jun/2017 16:57:51]"GET /admin/jsi18n/ HTTP/1.1" 200 2344
[05/Jun/2017 16:57:51]"GET /static/admin/img/icon_searchbox.png HTTP/1.1" 200 368
[05/Jun/2017 16:57:51]"GET /static/admin/img/icon-no.gif HTTP/1.1" 200 176
[05/Jun/2017 16:57:51]"GET /static/admin/img/icon-yes.gif HTTP/1.1" 200 299
[05/Jun/2017 16:57:51]"GET /static/admin/img/changelist-bg.gif HTTP/1.1" 200 50
[05/Jun/2017 16:57:51]"GET /static/admin/img/nav-bg-selected.gif HTTP/1.1" 200 265
[05/Jun/2017 16:57:51]"GET /static/admin/img/sorting-icons.gif HTTP/1.1" 200 369
[05/Jun/2017 17:11:47]"GET /admin/ HTTP/1.1" 200 7669
[05/Jun/2017 17:11:48]"GET /admin/recipe/ingredient/ HTTP/1.1" 200 27558
[05/Jun/2017 17:11:48]"GET /admin/jsi18n/ HTTP/1.1" 200 2344
[05/Jun/2017 17:11:54]"GET /admin/recipe/ingredient/?p=10 HTTP/1.1" 200 30246
[05/Jun/2017 17:11:54]"GET /admin/jsi18n/ HTTP/1.1" 200 2344
[05/Jun/2017 17:11:59]"GET /admin/recipe/ingredient/?p=9 HTTP/1.1" 200 30268
[05/Jun/2017 17:11:59]"GET /admin/jsi18n/ HTTP/1.1" 200 2344
[05/Jun/2017 17:12:05]"GET /admin/recipe/ingredient/2534/?_changelist_filters=p%3D9 HTTP/1.1" 200 4869
[05/Jun/2017 17:12:05]"GET /admin/jsi18n/ HTTP/1.1" 200 2344
[05/Jun/2017 17:12:16]"GET /admin/recipe/ingredient/2605/?_changelist_filters=p%3D9 HTTP/1.1" 200 4876
[05/Jun/2017 17:12:17]"GET /admin/jsi18n/ HTTP/1.1" 200 2344
[05/Jun/2017 17:48:10]"GET /login HTTP/1.1" 200 968
[05/Jun/2017 17:48:15]"POST /login HTTP/1.1" 302 0
[05/Jun/2017 17:48:15]"GET /profile HTTP/1.1" 404 2933
[05/Jun/2017 17:49:42]"GET /search/?ingredients=%22milk,%20water,%20bean%22%20&%20username=%22chunggilee%22%20&%20noingrediens=%20%22butter%22 HTTP/1.1" 500 84890
[05/Jun/2017 17:49:54]"GET /search/?ingredients=%22milk,%20water,%20bean%22%20&%20username=%22chunggilee%22%20&%20noingrediens=%20%22butter%22 HTTP/1.1" 500 85103
[05/Jun/2017 17:50:22]"GET /search/?ingredients=%22milk,water,bean%22&username=%22chunggilee%22&noingrediens=%22butter%22 HTTP/1.1" 500 114717
Performing system checks...

June 04, 2017 - 21:56:00
Django version 1.8, using settings 'InCook.settings'
Starting development server at http://0.0.0.0:4210/
Quit the server with CONTROL-C.
System check identified some issues:

WARNINGS:
?: (django_mysql.W001) MySQL Strict Mode is not set for database connection 'default'
	HINT: MySQL's Strict Mode fixes many data integrity problems in MySQL, such as data truncation upon insertion, by escalating warnings into errors. It is strongly recommended you activate it. See: https://django-mysql.readthedocs.io/en/latest/checks.html#django-mysql-w001-strict-mode
?: (django_mysql.W002) InnoDB Strict Mode is not set for database connection 'default'
	HINT: InnoDB Strict Mode escalates several warnings around InnoDB-specific statements into errors. It's recommended you activate this, but it's not very likely to affect you if you don't. See: https://django-mysql.readthedocs.io/en/latest/checks.html#django-mysql-w002-innodb-strict-mode
?: (django_mysql.W003) The character set is not utf8mb4 for database connection 'default'
	HINT: The default 'utf8' character set does not include support for all Unicode characters. It's strongly recommended you move to use 'utf8mb4'. See: https://django-mysql.readthedocs.io/en/latest/checks.html#django-mysql-w003-utf8mb4

System check identified 3 issues (0 silenced).
[05/Jun/2017 17:50:52]"GET /search/?ingredients=%22milk,water,bean%22&username=%22chunggilee%22&noingrediens=%22butter%22 HTTP/1.1" 500 85202
[05/Jun/2017 17:51:00]"GET /search/?ingredients=%22milk,water,bean%22&username=%22chunggilee%22&noingredients=%22butter%22 HTTP/1.1" 200 845
[05/Jun/2017 17:51:02]"GET /search/?ingredients=%22milk,water,bean%22&username=%22chunggilee%22&noingredients=%22butter%22 HTTP/1.1" 200 845
[05/Jun/2017 17:56:06]"GET /search/?ingredients=%22milk,water,bean%22&username=%22chunggilee%22&noingredients=%22%22 HTTP/1.1" 200 56
[05/Jun/2017 17:56:10]"GET /search/?ingredients=%22milk,water,bean%22&username=%22chunggilee%22&noingredients=%22%22 HTTP/1.1" 200 56
[05/Jun/2017 17:56:11]"GET /search/?ingredients=%22milk,water,bean%22&username=%22chunggilee%22&noingredients=%22%22 HTTP/1.1" 200 56
[05/Jun/2017 17:56:13]"GET /search/?ingredients=%22milk,water,bean%22&username=%22chunggilee%22&noingredients=%22%22 HTTP/1.1" 200 56
[05/Jun/2017 17:56:14]"GET /search/?ingredients=%22milk,water,bean%22&username=%22chunggilee%22&noingredients=%22%22 HTTP/1.1" 200 56
[05/Jun/2017 17:56:17]"GET /search/?ingredients=%22milk,water,bean%22&username=%22chunggilee%22&noingredients=%22butter%22 HTTP/1.1" 200 845
Performing system checks...

June 05, 2017 - 17:50:49
Django version 1.8, using settings 'InCook.settings'
Starting development server at http://0.0.0.0:4210/
Quit the server with CONTROL-C.
System check identified some issues:

WARNINGS:
?: (django_mysql.W001) MySQL Strict Mode is not set for database connection 'default'
	HINT: MySQL's Strict Mode fixes many data integrity problems in MySQL, such as data truncation upon insertion, by escalating warnings into errors. It is strongly recommended you activate it. See: https://django-mysql.readthedocs.io/en/latest/checks.html#django-mysql-w001-strict-mode
?: (django_mysql.W002) InnoDB Strict Mode is not set for database connection 'default'
	HINT: InnoDB Strict Mode escalates several warnings around InnoDB-specific statements into errors. It's recommended you activate this, but it's not very likely to affect you if you don't. See: https://django-mysql.readthedocs.io/en/latest/checks.html#django-mysql-w002-innodb-strict-mode
?: (django_mysql.W003) The character set is not utf8mb4 for database connection 'default'
	HINT: The default 'utf8' character set does not include support for all Unicode characters. It's strongly recommended you move to use 'utf8mb4'. See: https://django-mysql.readthedocs.io/en/latest/checks.html#django-mysql-w003-utf8mb4

System check identified 3 issues (0 silenced).
[05/Jun/2017 18:10:52]"GET /search/?ingredients=%22milk,water,bean%22&username=%22chunggilee%22&noingredients=%22butter%22 HTTP/1.1" 200 845
[05/Jun/2017 18:10:57]"GET /search/?ingredients=%22milk,water,bean%22&username=%22chunggilee%22&noingredients=%22%22 HTTP/1.1" 200 2162
[05/Jun/2017 18:16:02]"GET /search/?ingredients=%22milk,water,bean%22&username=%22chunggilee%22&noingredients=%22butter%22 HTTP/1.1" 200 845
[05/Jun/2017 18:34:04]"GET /admin/ HTTP/1.1" 200 7669
[05/Jun/2017 18:34:05]"GET /admin/recipe/ingredient/ HTTP/1.1" 200 27558
[05/Jun/2017 18:34:05]"GET /admin/jsi18n/ HTTP/1.1" 200 2344
[05/Jun/2017 18:34:06]"GET /admin/ HTTP/1.1" 200 7669
[05/Jun/2017 18:34:07]"GET /admin/recipe/recipe/ HTTP/1.1" 200 5747
[05/Jun/2017 18:34:07]"GET /admin/jsi18n/ HTTP/1.1" 200 2344
[05/Jun/2017 18:34:08]"GET /admin/recipe/recipe/9/ HTTP/1.1" 200 60515
[05/Jun/2017 18:34:08]"GET /admin/jsi18n/ HTTP/1.1" 200 2344
[05/Jun/2017 22:12:09]"GET / HTTP/1.1" 200 0
[05/Jun/2017 22:12:12]"GET /login HTTP/1.1" 200 968
[05/Jun/2017 22:12:16]"POST /login HTTP/1.1" 302 0
[05/Jun/2017 22:12:16]"GET /profile HTTP/1.1" 404 3053
[05/Jun/2017 22:12:18]"GET /te HTTP/1.1" 404 3038
[05/Jun/2017 22:12:20]"GET /test HTTP/1.1" 301 0
[05/Jun/2017 22:12:20]"GET /test/ HTTP/1.1" 200 10855
[05/Jun/2017 22:12:20]"GET /static/recipe/css/base.css HTTP/1.1" 200 1319
[05/Jun/2017 22:12:20]"GET /static/recipe/css/detail.css HTTP/1.1" 200 765
[05/Jun/2017 22:12:20]"GET /static/recipe/js/base.js HTTP/1.1" 200 1557
[05/Jun/2017 22:12:20]"GET /static/recipe/js/detail.js HTTP/1.1" 200 1551
[05/Jun/2017 22:12:20]"GET /static/recipe/img/New%20York%20Cheese%20Cake.jpg HTTP/1.1" 200 29845
[05/Jun/2017 22:12:20]"GET /static/recipe/img/Donut%20Muffins.jpg HTTP/1.1" 200 66686
[05/Jun/2017 22:12:20]"GET /static/recipe/img/Good%20Old%20Fashioned%20Pancakes.jpg HTTP/1.1" 200 43692
[05/Jun/2017 22:12:20]"GET /static/recipe/img/Bruschetta%20Chicken%20Bake.jpg HTTP/1.1" 200 48060
[05/Jun/2017 22:12:20]"GET /static/recipe/img/Overnight%20Blueberry%20French%20Toast.jpg HTTP/1.1" 200 41475
[05/Jun/2017 22:12:20]"GET /static/recipe/img/Honey-Garlic%20Slow%20Cooker%20Chicken%20Thighs.jpg HTTP/1.1" 200 67200
[05/Jun/2017 22:12:21]"GET /static/ HTTP/1.1" 404 1635
[05/Jun/2017 22:12:25]"GET /recipe?recipe_id=8 HTTP/1.1" 301 0
[05/Jun/2017 22:12:25]"GET /recipe/?recipe_id=8 HTTP/1.1" 200 990
[05/Jun/2017 22:12:28]"GET /like?recipe_id=8 HTTP/1.1" 301 0
[05/Jun/2017 22:12:28]"GET /like/?recipe_id=8 HTTP/1.1" 200 102
[05/Jun/2017 22:12:29]"GET /like/?recipe_id=8 HTTP/1.1" 200 101
[05/Jun/2017 22:12:31]"GET /bookmark?recipe_id=8 HTTP/1.1" 301 0
[05/Jun/2017 22:12:31]"GET /bookmark/?recipe_id=8 HTTP/1.1" 200 95
[05/Jun/2017 22:12:32]"GET /bookmark/?recipe_id=8 HTTP/1.1" 200 94
[05/Jun/2017 22:12:33]"GET /bookmark/?recipe_id=8 HTTP/1.1" 200 95
[05/Jun/2017 22:12:34]"GET /bookmark/?recipe_id=8 HTTP/1.1" 200 94
[05/Jun/2017 22:12:35]"GET /like/?recipe_id=8 HTTP/1.1" 200 102
[05/Jun/2017 22:12:35]"GET /like/?recipe_id=8 HTTP/1.1" 200 101
[05/Jun/2017 22:12:36]"GET /recipe/?recipe_id=8 HTTP/1.1" 200 990
[05/Jun/2017 22:44:39]"GET /admin/recipe/ingredient/?p=9 HTTP/1.1" 200 30268
[05/Jun/2017 22:44:39]"GET /admin/jsi18n/ HTTP/1.1" 200 2344
[05/Jun/2017 22:44:39]"GET /favicon.ico HTTP/1.1" 404 3065
[06/Jun/2017 00:14:59]"GET /admin/recipe/ingredient/?p=9 HTTP/1.1" 200 30268
[06/Jun/2017 00:14:59]"GET /admin/jsi18n/ HTTP/1.1" 200 2344
[06/Jun/2017 00:14:59]"GET /favicon.ico HTTP/1.1" 404 3065
Performing system checks...

June 05, 2017 - 18:10:47
Django version 1.8, using settings 'InCook.settings'
Starting development server at http://0.0.0.0:4210/
Quit the server with CONTROL-C.
"butter"
['butter']
None
None
"butter"
['butter']
System check identified some issues:

WARNINGS:
?: (django_mysql.W001) MySQL Strict Mode is not set for database connection 'default'
	HINT: MySQL's Strict Mode fixes many data integrity problems in MySQL, such as data truncation upon insertion, by escalating warnings into errors. It is strongly recommended you activate it. See: https://django-mysql.readthedocs.io/en/latest/checks.html#django-mysql-w001-strict-mode
?: (django_mysql.W002) InnoDB Strict Mode is not set for database connection 'default'
	HINT: InnoDB Strict Mode escalates several warnings around InnoDB-specific statements into errors. It's recommended you activate this, but it's not very likely to affect you if you don't. See: https://django-mysql.readthedocs.io/en/latest/checks.html#django-mysql-w002-innodb-strict-mode
?: (django_mysql.W003) The character set is not utf8mb4 for database connection 'default'
	HINT: The default 'utf8' character set does not include support for all Unicode characters. It's strongly recommended you move to use 'utf8mb4'. See: https://django-mysql.readthedocs.io/en/latest/checks.html#django-mysql-w003-utf8mb4

System check identified 3 issues (0 silenced).
[07/Jun/2017 23:23:08]"GET / HTTP/1.1" 200 8698
[07/Jun/2017 23:23:08]"GET /static/PageTransitions/css/default.css HTTP/1.1" 404 1718
[07/Jun/2017 23:23:08]"GET /static/PageTransitions/css/component.css HTTP/1.1" 404 1724
[07/Jun/2017 23:23:08]"GET /static/PageTransitions/css/multilevelmenu.css HTTP/1.1" 404 1739
[07/Jun/2017 23:23:08]"GET /static/PageTransitions/css/button.css HTTP/1.1" 404 1715
[07/Jun/2017 23:23:08]"GET /static/PageTransitions/css/animations.css HTTP/1.1" 404 1727
[07/Jun/2017 23:23:08]"GET /static/recipe/css/folder.css HTTP/1.1" 200 5289
[07/Jun/2017 23:23:08]"GET /static/recipe/css/refrigerator.css HTTP/1.1" 200 1676
[07/Jun/2017 23:23:08]"GET /static/PageTransitions/js/modernizr.custom.js HTTP/1.1" 404 1739
[07/Jun/2017 23:23:08]"GET /static/recipe/css/add.css HTTP/1.1" 200 1024
[07/Jun/2017 23:23:08]"GET /static/PageTransitions/js/pagetransitions.js HTTP/1.1" 404 1736
[07/Jun/2017 23:23:08]"GET /static/PageTransitions/js/jquery.dlmenu.js/ HTTP/1.1" 404 1707
[07/Jun/2017 23:23:08]"GET /static/recipe/js/folder.js HTTP/1.1" 200 2039
[07/Jun/2017 23:23:08]"GET /static/image/leftdoor.png HTTP/1.1" 200 29956
[07/Jun/2017 23:23:08]"GET /static/image/rightdoor.png HTTP/1.1" 200 24671
[07/Jun/2017 23:23:08]"GET /static/PageTransitions/js/jquery.dlmenu.js/ HTTP/1.1" 404 1707
[07/Jun/2017 23:23:08]"GET /static/PageTransitions/js/pagetransitions.js HTTP/1.1" 404 1736
[07/Jun/2017 23:23:08]"GET /static/PageTransitions/js/pagetransitions.js HTTP/1.1" 404 1736
[07/Jun/2017 23:23:08]"GET /static/image/meat.png HTTP/1.1" 200 1054775
[07/Jun/2017 23:23:08]"GET /favicon.ico HTTP/1.1" 404 3207
[07/Jun/2017 23:23:10]"GET /static/image/refricontent.png HTTP/1.1" 200 271957
[07/Jun/2017 23:23:30]"GET /admin HTTP/1.1" 301 0
[07/Jun/2017 23:23:30]"GET /admin/ HTTP/1.1" 200 7669
[07/Jun/2017 23:23:30]"GET /static/admin/css/dashboard.css HTTP/1.1" 200 434
[07/Jun/2017 23:23:30]"GET /static/admin/css/base.css HTTP/1.1" 200 14049
[07/Jun/2017 23:23:30]"GET /static/admin/img/default-bg.gif HTTP/1.1" 200 836
[07/Jun/2017 23:23:30]"GET /static/admin/img/icon_addlink.gif HTTP/1.1" 200 119
[07/Jun/2017 23:23:30]"GET /static/admin/img/nav-bg.gif HTTP/1.1" 200 265
[07/Jun/2017 23:23:30]"GET /static/admin/img/icon_changelink.gif HTTP/1.1" 200 119
[07/Jun/2017 23:23:33]"GET /admin/recipe/recipe/ HTTP/1.1" 200 5747
[07/Jun/2017 23:23:33]"GET /static/admin/js/core.js HTTP/1.1" 200 7522
[07/Jun/2017 23:23:33]"GET /static/admin/css/changelists.css HTTP/1.1" 200 5254
[07/Jun/2017 23:23:33]"GET /static/admin/js/jquery.init.js HTTP/1.1" 200 326
[07/Jun/2017 23:23:33]"GET /static/admin/js/admin/RelatedObjectLookups.js HTTP/1.1" 200 4464
[07/Jun/2017 23:23:33]"GET /admin/jsi18n/ HTTP/1.1" 200 2344
[07/Jun/2017 23:23:33]"GET /static/admin/js/actions.js HTTP/1.1" 200 4910
[07/Jun/2017 23:23:33]"GET /static/admin/js/jquery.js HTTP/1.1" 200 284184
[07/Jun/2017 23:23:33]"GET /static/admin/img/nav-bg-reverse.gif HTTP/1.1" 200 178
[07/Jun/2017 23:23:33]"GET /static/admin/img/tooltag-add.png HTTP/1.1" 200 119
[07/Jun/2017 23:23:36]"GET /admin/recipe/recipe/add/ HTTP/1.1" 200 59182
[07/Jun/2017 23:23:36]"GET /static/admin/css/forms.css HTTP/1.1" 200 6266
[07/Jun/2017 23:23:36]"GET /static/admin/js/related-widget-wrapper.js HTTP/1.1" 200 857
[07/Jun/2017 23:23:36]"GET /static/admin/js/calendar.js HTTP/1.1" 200 5969
[07/Jun/2017 23:23:36]"GET /static/admin/js/admin/DateTimeShortcuts.js HTTP/1.1" 200 17161
[07/Jun/2017 23:23:36]"GET /admin/jsi18n/ HTTP/1.1" 200 2344
[07/Jun/2017 23:23:36]"GET /static/admin/css/widgets.css HTTP/1.1" 200 10430
[07/Jun/2017 23:23:36]"GET /static/admin/img/icon_calendar.gif HTTP/1.1" 200 192
[07/Jun/2017 23:23:36]"GET /static/admin/img/icon_clock.gif HTTP/1.1" 200 390
[07/Jun/2017 23:25:26]"GET /admin/recipe/recipe/ HTTP/1.1" 200 5747
[07/Jun/2017 23:25:27]"GET /admin/recipe/recipe/10/ HTTP/1.1" 200 60757
[07/Jun/2017 23:25:27]"GET /admin/jsi18n/ HTTP/1.1" 200 2344
[07/Jun/2017 23:25:28]"GET /static/admin/img/icon_deletelink.gif HTTP/1.1" 200 181
[07/Jun/2017 23:25:29]"GET /admin/recipe/recipe/add/ HTTP/1.1" 200 59182
[07/Jun/2017 23:25:29]"GET /admin/jsi18n/ HTTP/1.1" 200 2344
[07/Jun/2017 23:27:10]"GET /admin/recipe/ HTTP/1.1" 200 2865
[07/Jun/2017 23:27:11]"GET /admin/ HTTP/1.1" 200 7669
[07/Jun/2017 23:27:12]"GET /admin/web/cook/ HTTP/1.1" 200 26236
[07/Jun/2017 23:27:12]"GET /admin/jsi18n/ HTTP/1.1" 200 2344
[07/Jun/2017 23:27:13]"GET /admin/web/cook/144/ HTTP/1.1" 200 22690
[07/Jun/2017 23:27:13]"GET /admin/jsi18n/ HTTP/1.1" 200 2344
[07/Jun/2017 23:27:29]"GET /admin/web/cook/141/ HTTP/1.1" 200 23446
[07/Jun/2017 23:27:29]"GET /admin/jsi18n/ HTTP/1.1" 200 2344
[08/Jun/2017 00:03:15]"GET /admin/ HTTP/1.1" 200 7669
[08/Jun/2017 00:13:12]"GET /admin/recipe/recipe/ HTTP/1.1" 200 5747
[08/Jun/2017 00:13:12]"GET /admin/jsi18n/ HTTP/1.1" 200 2344
[08/Jun/2017 00:13:15]"GET /admin/recipe/recipe/12/ HTTP/1.1" 200 61205
[08/Jun/2017 00:13:15]"GET /admin/jsi18n/ HTTP/1.1" 200 2344
[08/Jun/2017 00:16:44]"GET /admin/recipe/recipe/ HTTP/1.1" 200 9228
[08/Jun/2017 00:16:44]"GET /admin/jsi18n/ HTTP/1.1" 200 2344
[08/Jun/2017 00:16:45]"GET /admin/recipe/recipe/29/ HTTP/1.1" 200 59719
[08/Jun/2017 00:16:45]"GET /admin/jsi18n/ HTTP/1.1" 200 2344
[08/Jun/2017 00:16:53]"GET / HTTP/1.1" 200 8698
[08/Jun/2017 00:16:53]"GET /static/PageTransitions/css/multilevelmenu.css HTTP/1.1" 404 1739
[08/Jun/2017 00:16:53]"GET /static/PageTransitions/css/animations.css HTTP/1.1" 404 1727
[08/Jun/2017 00:16:53]"GET /static/PageTransitions/css/default.css HTTP/1.1" 404 1718
[08/Jun/2017 00:16:53]"GET /static/PageTransitions/css/component.css HTTP/1.1" 404 1724
[08/Jun/2017 00:16:53]"GET /static/PageTransitions/css/button.css HTTP/1.1" 404 1715
[08/Jun/2017 00:16:53]"GET /static/recipe/css/add.css HTTP/1.1" 200 1024
[08/Jun/2017 00:16:53]"GET /static/recipe/css/refrigerator.css HTTP/1.1" 200 1676
[08/Jun/2017 00:16:53]"GET /static/PageTransitions/js/modernizr.custom.js HTTP/1.1" 404 1739
[08/Jun/2017 00:16:53]"GET /static/recipe/css/folder.css HTTP/1.1" 200 5289
[08/Jun/2017 00:16:53]"GET /static/PageTransitions/js/jquery.dlmenu.js/ HTTP/1.1" 404 1707
[08/Jun/2017 00:16:53]"GET /static/PageTransitions/js/pagetransitions.js HTTP/1.1" 404 1736
[08/Jun/2017 00:16:53]"GET /static/recipe/js/folder.js HTTP/1.1" 304 0
[08/Jun/2017 00:16:53]"GET /static/image/leftdoor.png HTTP/1.1" 200 29956
[08/Jun/2017 00:16:53]"GET /static/PageTransitions/js/jquery.dlmenu.js/ HTTP/1.1" 404 1707
[08/Jun/2017 00:16:53]"GET /static/PageTransitions/js/pagetransitions.js HTTP/1.1" 404 1736
[08/Jun/2017 00:16:53]"GET /static/PageTransitions/js/pagetransitions.js HTTP/1.1" 404 1736
[08/Jun/2017 00:16:53]"GET /static/image/rightdoor.png HTTP/1.1" 200 24671
[08/Jun/2017 00:16:54]"GET /static/image/meat.png HTTP/1.1" 200 1054775
[08/Jun/2017 00:16:55]"GET /test HTTP/1.1" 301 0
[08/Jun/2017 00:16:55]"GET /test/ HTTP/1.1" 200 30039
[08/Jun/2017 00:16:55]"GET /static/jquery-ui/jquery-ui.min.css HTTP/1.1" 200 16994
[08/Jun/2017 00:16:55]"GET /static/jquery-ui/jquery-ui.structure.min.css HTTP/1.1" 200 1787
[08/Jun/2017 00:16:55]"GET /static/recipe/css/base.css HTTP/1.1" 200 1482
[08/Jun/2017 00:16:55]"GET /static/jquery-ui/jquery-ui.theme.min.css HTTP/1.1" 200 13847
[08/Jun/2017 00:16:55]"GET /static/recipe/css/detail.css HTTP/1.1" 200 716
[08/Jun/2017 00:16:56]"GET /static/jquery-ui/jquery-ui.min.js HTTP/1.1" 200 32162
[08/Jun/2017 00:16:56]"GET /static/recipe/js/base.js HTTP/1.1" 200 1498
[08/Jun/2017 00:16:56]"GET /static/recipe/js/detail.js HTTP/1.1" 200 2068
[08/Jun/2017 00:16:56]"GET /static/recipe/js/add.js HTTP/1.1" 200 1436
[08/Jun/2017 00:16:56]"GET /static/recipe/img/New%20York%20Cheese%20Cake.jpg HTTP/1.1" 200 29845
[08/Jun/2017 00:16:56]"GET /static/recipe/img/Donut%20Muffins.jpg HTTP/1.1" 200 66686
[08/Jun/2017 00:16:56]"GET /static/recipe/img/Good%20Old%20Fashioned%20Pancakes.jpg HTTP/1.1" 200 43692
[08/Jun/2017 00:16:56]"GET /static/recipe/img/Bruschetta%20Chicken%20Bake.jpg HTTP/1.1" 200 48060
[08/Jun/2017 00:16:56]"GET /static/recipe/img/Overnight%20Blueberry%20French%20Toast.jpg HTTP/1.1" 200 41475
[08/Jun/2017 00:16:56]"GET /static/recipe/img/Honey-Garlic%20Slow%20Cooker%20Chicken%20Thighs.jpg HTTP/1.1" 200 67200
[08/Jun/2017 00:16:56]"GET /static/ HTTP/1.1" 404 1635
[08/Jun/2017 00:16:56]"GET /static/recipe/img/Grilled%20and%20Roasted%20Beef.jpg HTTP/1.1" 200 148370
[08/Jun/2017 00:16:56]"GET /static/recipe/img/Beef%20Wellington.jpg HTTP/1.1" 200 16627
[08/Jun/2017 00:16:56]"GET /static/recipe/img/Beef%20Gulasch.jpg HTTP/1.1" 200 38362
[08/Jun/2017 00:16:56]"GET /static/recipe/img/Salmon%20with%20Thyme%20Butter.jpg HTTP/1.1" 200 63958
[08/Jun/2017 00:16:56]"GET /static/recipe/img/Butter%20Chicken.jpg HTTP/1.1" 200 157331
[08/Jun/2017 00:16:56]"GET /static/recipe/img/Peanut-Butter%20Chocolate%20Parfait.jpg HTTP/1.1" 200 23118
[08/Jun/2017 00:16:56]"GET /static/recipe/img/Roast%20Chicken.jpg HTTP/1.1" 200 48493
[08/Jun/2017 00:16:56]"GET /static/recipe/img/Chicken%20Schnitzel.jpg HTTP/1.1" 200 36852
[08/Jun/2017 00:16:56]"GET /static/recipe/img/Chicken%20Milanese.jpg HTTP/1.1" 200 38753
[08/Jun/2017 00:16:56]"GET /static/recipe/img/Egg%20Ochazuke.jpg HTTP/1.1" 200 18234
[08/Jun/2017 00:16:56]"GET /static/recipe/img/Spinach%2C%20Egg%2C%20and%20Feta%20Breakfast%20Pockets.jpg HTTP/1.1" 200 79422
[08/Jun/2017 00:16:56]"GET /static/recipe/img/Egg%20Noodles%20with%20Beef%20and%20Chinese%20Broccoli.jpg HTTP/1.1" 200 43402
[08/Jun/2017 00:16:56]"GET /static/recipe/img/Malted%20Milk%20Ball%20Chocolate%20Mousse.jpg HTTP/1.1" 200 16074
[08/Jun/2017 00:16:56]"GET /static/recipe/img/Malted-Milk%20Cremes%20Brulees.jpg HTTP/1.1" 200 23321
[08/Jun/2017 00:16:56]"GET /static/recipe/img/Milk%20Pork.jpg HTTP/1.1" 200 17852
[08/Jun/2017 00:17:27]"POST /admin/recipe/recipe/ HTTP/1.1" 200 11529
[08/Jun/2017 00:17:29]"POST /admin/recipe/recipe/ HTTP/1.1" 302 0
[08/Jun/2017 00:17:29]"GET /admin/recipe/recipe/ HTTP/1.1" 200 5657
[08/Jun/2017 00:17:29]"GET /admin/jsi18n/ HTTP/1.1" 200 2344
[08/Jun/2017 00:17:29]"GET /static/admin/img/icon_success.gif HTTP/1.1" 200 341
[08/Jun/2017 00:17:40]"GET /admin/recipe/recipe/ HTTP/1.1" 200 28277
[08/Jun/2017 00:17:40]"GET /admin/jsi18n/ HTTP/1.1" 200 2344
[08/Jun/2017 00:17:45]"GET /admin/recipe/recipe/ HTTP/1.1" 200 28460
[08/Jun/2017 00:17:45]"GET /admin/jsi18n/ HTTP/1.1" 200 2344
[08/Jun/2017 00:17:50]"GET /static/recipe/img/Lamb%20Burgers%20with%20Cilantro%20Yogurt.jpg HTTP/1.1" 200 21452
[08/Jun/2017 00:17:50]"GET /test/ HTTP/1.1" 200 177169
[08/Jun/2017 00:17:50]"GET /static/recipe/img/Strawberry%20Yogurt%20Cake.jpg HTTP/1.1" 200 11147
[08/Jun/2017 00:17:50]"GET /static/recipe/img/Greek%20Yogurt%20Panna%20Cotta%20with%20Granola%20Streusel.jpg HTTP/1.1" 200 3748
[08/Jun/2017 00:17:50]"GET /static/recipe/img/Four%20Cheese%20Mac%20%26%20Cheese.jpg HTTP/1.1" 200 11739
[08/Jun/2017 00:17:50]"GET /static/recipe/img/Macaroni%20Cheese%20With%20Mushrooms.jpg HTTP/1.1" 200 27276
[08/Jun/2017 00:17:50]"GET /static/recipe/img/Rigatoni%20with%20Goat%20Cheese.jpg HTTP/1.1" 200 23639
[08/Jun/2017 00:17:50]"GET /static/recipe/img/Bacon%20Butty.jpg HTTP/1.1" 200 28403
[08/Jun/2017 00:17:50]"GET /static/recipe/img/Boxty%20and%20Bacon.jpg HTTP/1.1" 200 41230
[08/Jun/2017 00:17:50]"GET /static/recipe/img/Healthy%20Sausage%20%26%20Peppers.jpg HTTP/1.1" 200 16433
[08/Jun/2017 00:17:50]"GET /static/recipe/img/Bacon-Wrapped%20Chicken%20Tenders.jpg HTTP/1.1" 200 41255
[08/Jun/2017 00:17:50]"GET /static/recipe/img/Dr%20Pepper%20Glazed%20Ham%20Recipe.jpg HTTP/1.1" 200 15470
[08/Jun/2017 00:17:50]"GET /static/recipe/img/Kale%20With%20Sausage%20And%20White%20Beans.jpg HTTP/1.1" 200 23809
[08/Jun/2017 00:17:50]"GET /static/recipe/img/Grilled%20Sausage%20%26%20Onion%20Panini.jpg HTTP/1.1" 200 11698
[08/Jun/2017 00:17:50]"GET /static/recipe/img/Cherry%20Coke-Glazed%20Country%20Ham.jpg HTTP/1.1" 200 42119
[08/Jun/2017 00:17:50]"GET /static/recipe/img/Mozzarella%2C%20Ham%20%26%20Pesto%20Pizzas.jpg HTTP/1.1" 200 23260
[08/Jun/2017 00:17:50]"GET /static/recipe/img/Pulled%20Pork.jpg HTTP/1.1" 200 33880
[08/Jun/2017 00:17:50]"GET /static/recipe/img/Thai%20Basil%20Pork%20Recipe.jpg HTTP/1.1" 200 18827
[08/Jun/2017 00:17:50]"GET /static/recipe/img/Pork%20Vindaloo.jpg HTTP/1.1" 200 18591
[08/Jun/2017 00:17:50]"GET /static/recipe/img/Turkey%20Tacos.jpg HTTP/1.1" 200 14878
[08/Jun/2017 00:17:50]"GET /static/recipe/img/Turkey%20Paprikash.jpg HTTP/1.1" 200 26760
[08/Jun/2017 00:17:50]"GET /static/recipe/img/Turkey%20and%20Mushroom%20Risotto.jpg HTTP/1.1" 200 46941
[08/Jun/2017 00:17:50]"GET /static/recipe/img/Classic%20Pepperoni%20Pizza%20(Pizza%20Seasoning).jpg HTTP/1.1" 200 22741
[08/Jun/2017 00:17:50]"GET /static/recipe/img/Pressed%20Salami%20Sandwiches.jpg HTTP/1.1" 200 37606
[08/Jun/2017 00:17:50]"GET /static/recipe/img/Pepperoni%20Spaghetti%20Bake.jpg HTTP/1.1" 200 103110
[08/Jun/2017 00:17:50]"GET /static/recipe/img/Fettuccine%20with%20Goat-Cheese%20and%20Salami%20Sauce.jpg HTTP/1.1" 200 44987
[08/Jun/2017 00:17:50]"GET /static/recipe/img/Pepperoni%20Rigatoni%20Bake.jpg HTTP/1.1" 200 128379
[08/Jun/2017 00:17:50]"GET /static/recipe/img/Lamb%20Burgers.jpg HTTP/1.1" 200 20346
[08/Jun/2017 00:17:51]"GET /static/recipe/img/Grilled%20Leg%20of%20Lamb.jpg HTTP/1.1" 200 32252
[08/Jun/2017 00:17:51]"GET /static/recipe/img/Confit%20Duck.jpg HTTP/1.1" 200 20456
[08/Jun/2017 00:17:51]"GET /static/recipe/img/Pineapple%20Duck%20Curry%20From%20'Everyday%20Thai%20Cooking'. HTTP/1.1" 404 1844
[08/Jun/2017 00:17:51]"GET /static/recipe/img/Duck%20%22cassoulet%22.jpg HTTP/1.1" 200 20790
[08/Jun/2017 00:17:51]"GET /static/recipe/img/Pressed%20Salami%20Sandwich.jpg HTTP/1.1" 200 151946
[08/Jun/2017 00:17:51]"GET /static/recipe/img/Chile-Garlic%20Chicken%20Legs.jpg HTTP/1.1" 200 26789
[08/Jun/2017 00:17:51]"GET /static/recipe/img/Garlic%20Curry%20Chicken.jpg HTTP/1.1" 200 43760
[08/Jun/2017 00:17:51]"GET /static/recipe/img/Pasta%20with%20Corn%20and%20Garlic.jpg HTTP/1.1" 200 43207
[08/Jun/2017 00:17:51]"GET /static/recipe/img/Bucatini%20with%20Pancetta%2C%20Tomatoes%2C%20and%20Onion.jpg HTTP/1.1" 200 23761
[08/Jun/2017 00:17:51]"GET /static/recipe/img/Cauliflower%20and%20caramelized%20onion%20tart.jpg HTTP/1.1" 200 47953
[08/Jun/2017 00:17:51]"GET /static/recipe/img/Olive%20Potatoes.jpg HTTP/1.1" 200 18060
[08/Jun/2017 00:17:51]"GET /static/recipe/img/Orange-Olive%20Oil%20Cake%20Recipe.jpg HTTP/1.1" 200 21316
[08/Jun/2017 00:17:51]"GET /static/recipe/img/Artichokes%20with%20Romano%2C%20Cracked%20Pepper%20and%20Olive.j HTTP/1.1" 404 1820
[08/Jun/2017 00:17:51]"GET /static/recipe/img/Zucchini%20Tomato-Anchovy%20Pasta.jpg HTTP/1.1" 200 12371
[08/Jun/2017 00:17:51]"GET /static/recipe/img/Tuna%2C%20Tomato%2C%20and%20Basil%20Tartare.jpg HTTP/1.1" 200 28108
[08/Jun/2017 00:17:51]"GET /static/recipe/img/Beef%20and%20Tomato%20Stroganoff.jpg HTTP/1.1" 200 31977
[08/Jun/2017 00:17:51]"GET /static/recipe/img/Mixed%20potato%20hash%20with%20bacon%20and%20eggs.jpg HTTP/1.1" 200 37680
[08/Jun/2017 00:17:51]"GET /static/recipe/img/Egg%2C%20Potato%2C%20and%20Prosciutto%20Pie.jpg HTTP/1.1" 200 41238
[08/Jun/2017 00:17:51]"GET /static/recipe/img/Potato%20Chip%20Chilaquiles.jpg HTTP/1.1" 200 13489
[08/Jun/2017 00:17:51]"GET /static/recipe/img/Zucchini%20and%20Carrot%20Birthday%20Cake.jpg HTTP/1.1" 200 75536
[08/Jun/2017 00:17:51]"GET /static/recipe/img/Carrot-Cabbage%20Pancake%20With%20Herbed%20Sour%20Cream.jpg HTTP/1.1" 200 16480
[08/Jun/2017 00:17:51]"GET /static/recipe/img/Carrot%20salad%20with%20grains.jpg HTTP/1.1" 200 22036
[08/Jun/2017 00:17:51]"GET /static/recipe/img/Basil%20Hummus.jpg HTTP/1.1" 200 15513
[08/Jun/2017 00:17:51]"GET /static/recipe/img/Rosemary-Anchovy%20Pork%20Chops.jpg HTTP/1.1" 200 24627
[08/Jun/2017 00:17:51]"GET /static/recipe/img/Butternut%20%26%20Rosemary%20Pizza.jpg HTTP/1.1" 200 24093
[08/Jun/2017 00:17:51]"GET /static/recipe/img/Dr.%20Pepper%20Barbecue%20Sauce.jpg HTTP/1.1" 200 12459
[08/Jun/2017 00:17:51]"GET /static/recipe/img/Sweet%20Rosemary%20and%20Grape%20Focaccia.jpg HTTP/1.1" 200 32932
[08/Jun/2017 00:17:51]"GET /static/recipe/img/Chorizo%20and%20Red%20Pepper%20Quesadillas.jpg HTTP/1.1" 200 21164
[08/Jun/2017 00:17:51]"GET /static/recipe/img/Lobster%2C%20Corn%2C%20and%20Potato%20Salad.jpg HTTP/1.1" 200 43677
[08/Jun/2017 00:17:51]"GET /static/recipe/img/Corn%20and%20Zucchini%20Orzo%20Salad.jpg HTTP/1.1" 200 55023
[08/Jun/2017 00:17:51]"GET /static/recipe/img/Maple%20Ginger%20Glazed%20Salmon.jpg HTTP/1.1" 200 23650
[08/Jun/2017 00:17:51]"GET /static/recipe/img/Mascarpone%20and%20ginger%20cr%C3%A8me%20br%C3%BBl%C3%A9e.jpg HTTP/1.1" 200 13971
[08/Jun/2017 00:17:51]"GET /static/recipe/img/Ginger%20Chicken%20Under%20A%20Brick.jpg HTTP/1.1" 200 56829
[08/Jun/2017 00:17:51]"GET /static/recipe/img/Lamb%20Steaks%20with%20Peas%20and%20Mint.jpg HTTP/1.1" 200 46258
[08/Jun/2017 00:17:51]"GET /static/recipe/img/Limeade%20With%20A%20Touch%20Of%20Mint.jpg HTTP/1.1" 200 8779
[08/Jun/2017 00:17:51]"GET /static/recipe/img/Lamb%20Burgers%20with%20Mint%20Sauce.jpg HTTP/1.1" 200 40204
[08/Jun/2017 00:17:51]"GET /static/recipe/img/Creamy%20Mushroom%20Spaghetti.jpg HTTP/1.1" 200 18488
[08/Jun/2017 00:17:51]"GET /static/recipe/img/Red%20Red%20Mushroom%20Rotini.jpg HTTP/1.1" 200 19574
[08/Jun/2017 00:17:51]"GET /static/recipe/img/Broccoli-Ham%20Calzone.jpg HTTP/1.1" 200 5888
[08/Jun/2017 00:17:51]"GET /static/recipe/img/Mushroom%20purses.jpg HTTP/1.1" 200 18832
[08/Jun/2017 00:17:51]"GET /static/recipe/img/Broccoli%20Tortellini.jpg HTTP/1.1" 200 39819
[08/Jun/2017 00:17:51]"GET /static/recipe/img/Minty%20Salmon%20%26%20Broccoli%20Frittata.jpg HTTP/1.1" 200 16618
[08/Jun/2017 00:17:51]"GET /static/recipe/img/Lemon%20Bars.jpg HTTP/1.1" 200 15280
[08/Jun/2017 00:17:51]"GET /static/recipe/img/Lemon%20Chicken.jpg HTTP/1.1" 200 27060
[08/Jun/2017 00:17:51]"GET /static/recipe/img/Strawberry%20Lemon%20Preserves.jpg HTTP/1.1" 200 14903
[08/Jun/2017 00:17:51]"GET /static/recipe/img/Apple%20Slaw.jpg HTTP/1.1" 200 27636
[08/Jun/2017 00:17:51]"GET /static/recipe/img/Apple%20and%20Brie%20Omelette.jpg HTTP/1.1" 200 54705
[08/Jun/2017 00:17:51]"GET /static/recipe/img/Banana-Maple%20Matzo%20Brei.jpg HTTP/1.1" 200 28513
[08/Jun/2017 00:17:51]"GET /static/recipe/img/Walnut%20and%20Banana%20Smoothie.jpg HTTP/1.1" 200 35358
[08/Jun/2017 00:17:51]"GET /static/recipe/img/Coconut%20Flan.jpg HTTP/1.1" 200 35146
[08/Jun/2017 00:17:51]"GET /static/recipe/img/Banana%20Cardamom%20Milkshake.jpg HTTP/1.1" 200 93550
[08/Jun/2017 00:17:51]"GET /static/recipe/img/Apple%20flavored%20lentils%20and%20rice.jpg HTTP/1.1" 200 99946
[08/Jun/2017 00:17:51]"GET /static/recipe/img/Coconut%20Cake.jpg HTTP/1.1" 200 15154
[08/Jun/2017 00:17:51]"GET /static/recipe/img/Sticky%20Chicken%20With%20Mango%20Couscous.jpg HTTP/1.1" 200 21937
[08/Jun/2017 00:17:51]"GET /static/recipe/img/Dinner%20Tonight%3A%20Pan-Fried%20Mango%20Chicken.jpg HTTP/1.1" 200 27829
[08/Jun/2017 00:17:51]"GET /static/recipe/img/Teatime%20Coconut%20Layer%20Cake.jpg HTTP/1.1" 200 45332
[08/Jun/2017 00:17:51]"GET /static/recipe/img/Chicken-and-Mango%20Salad.jpg HTTP/1.1" 200 48169
[08/Jun/2017 00:17:51]"GET /static/recipe/img/Crunchy%20Wasabi%20Salmon%20with%20Lime.jpg HTTP/1.1" 200 36404
[08/Jun/2017 00:17:51]"GET /static/recipe/img/Key%20Lime%20Tarts.jpg HTTP/1.1" 200 12385
[08/Jun/2017 00:17:51]"GET /static/recipe/img/Orange-Lime%20Mousse.jpg HTTP/1.1" 200 28321
[08/Jun/2017 00:17:51]"GET /static/recipe/img/Orange%20Polenta%20Cake.jpg HTTP/1.1" 200 16245
[08/Jun/2017 00:17:51]"GET /static/recipe/img/Glazed%20Orange%20Pound%20Cake.jpg HTTP/1.1" 200 33710
[08/Jun/2017 00:17:51]"GET /static/recipe/img/Pineapple%20Tiramisu.jpg HTTP/1.1" 200 13209
[08/Jun/2017 00:17:51]"GET /static/recipe/img/Blood%20orange%20olive%20oil%20cake.jpg HTTP/1.1" 200 53171
[08/Jun/2017 00:17:51]"GET /static/recipe/img/Salmon%20with%20Grilled%20Pineapple%20Salsa.jpg HTTP/1.1" 200 15496
[08/Jun/2017 00:17:51]"GET /static/recipe/img/Mango-Pineapple%20Buckle.jpg HTTP/1.1" 200 35488
[08/Jun/2017 00:17:51]"GET /static/recipe/img/Strawberry%20Panna%20Cotta.jpg HTTP/1.1" 200 38548
[08/Jun/2017 00:17:51]"GET /static/recipe/img/Strawberry%20shortcakes.jpg HTTP/1.1" 200 59062
[08/Jun/2017 00:17:51]"GET /static/recipe/img/Blueberry%20Lime%20Cheesecake.jpg HTTP/1.1" 200 15481
[08/Jun/2017 00:17:51]"GET /static/recipe/img/Strawberry%20and%20Chocolate%20Baked%20Alaska.jpg HTTP/1.1" 200 31806
[08/Jun/2017 00:17:51]"GET /static/recipe/img/Blueberry%20Crisp.jpg HTTP/1.1" 200 39213
[08/Jun/2017 00:17:51]"GET /static/recipe/img/Blueberry%20Blintzes.jpg HTTP/1.1" 200 30489
[08/Jun/2017 00:17:51]"GET /static/recipe/img/Penne%20with%20Grape%20Tomatoes%20and%20Mozzarella.jpg HTTP/1.1" 200 27415
[08/Jun/2017 00:17:51]"GET /static/recipe/img/Peach%20Praline%20Bombes%20with%20Peach%20Syrup.jpg HTTP/1.1" 200 20860
[08/Jun/2017 00:17:51]"GET /static/recipe/img/Bluefish%20with%20Grape%20Leaves.jpg HTTP/1.1" 200 47459
[08/Jun/2017 00:17:51]"GET /static/recipe/img/Skillet%20Peach%20Cobbler.jpg HTTP/1.1" 200 38958
[08/Jun/2017 00:17:51]"GET /static/recipe/img/Peach%20Melba%20Pie.jpg HTTP/1.1" 200 41375
[08/Jun/2017 00:17:51]"GET /static/recipe/img/Pear%20and%20pesto%20crostini.jpg HTTP/1.1" 200 15905
[08/Jun/2017 00:17:51]"GET /static/recipe/img/Pork%20With%20Creamy%20Pear%20Sauce.jpg HTTP/1.1" 200 15129
[08/Jun/2017 00:17:51]"GET /static/recipe/img/Pressed%20Stilton%2C%20Pear%2C%20Date%2C%20and%20Bacon%20Sandwiches. HTTP/1.1" 404 1820
[08/Jun/2017 00:17:51]"GET /static/recipe/img/Cherry%20Mousse.jpg HTTP/1.1" 200 18936
[08/Jun/2017 00:17:51]"GET /static/recipe/img/Grilled%20Fish%20Kabobs%20with%20Cherry%20Tomatoes.jpg HTTP/1.1" 200 31370
[08/Jun/2017 00:17:51]"GET /static/recipe/img/Chicken%2C%20Kiwi%2C%20and%20Mango%20Salad.jpg HTTP/1.1" 200 39626
[08/Jun/2017 00:17:51]"GET /static/recipe/img/Fruity%20Coconut%20Creams.jpg HTTP/1.1" 200 9824
[08/Jun/2017 00:17:51]"GET /static/recipe/img/Mahi%20Mahi%20with%20Kiwi-Avocado%20and%20Coconut%20Rice.jpg HTTP/1.1" 200 43995
[08/Jun/2017 00:17:51]"GET /static/recipe/img/Watermelon%20and%20Wafers.jpg HTTP/1.1" 200 34104
[08/Jun/2017 00:17:51]"GET /static/recipe/img/Arugula%2C%20Watermelon%20And%20Feta%20Salad%20Recipe.jpg HTTP/1.1" 200 20542
[08/Jun/2017 00:17:51]"GET /static/recipe/img/Fresh%20Coconut%20and%20Panko%20Crusted%20%22Onaga%22%20Papaya%20Sal HTTP/1.1" 404 1846
[08/Jun/2017 00:17:51]"GET /static/recipe/img/Jerked%20Pork%20Chops%20with%20Fresh%20Papaya%20Chutney.jpg HTTP/1.1" 200 49523
[08/Jun/2017 00:17:51]"GET /static/recipe/img/Pork%20Tonkatsu%20with%20Watermelon-Tomato%20Salad.jpg HTTP/1.1" 200 83340
[08/Jun/2017 00:17:51]"GET /static/recipe/img/Grilled%20Steak%20And%20Papaya%20Salad%20Recipe.jpg HTTP/1.1" 200 19528
[08/Jun/2017 00:17:51]"GET /static/recipe/img/Lemon%20Tuna%20Avocado%20Snack.jpg HTTP/1.1" 200 37480
[08/Jun/2017 00:17:51]"GET /static/recipe/img/Tuna%C2%96Noodle%20Casserole.jpg HTTP/1.1" 200 31481
[08/Jun/2017 00:17:51]"GET /static/recipe/img/Exceptional%20Salmon.jpg HTTP/1.1" 200 22710
[08/Jun/2017 00:17:51]"GET /static/recipe/img/Salmon%20with%20cucumbers.jpg HTTP/1.1" 200 12103
[08/Jun/2017 00:18:15]"GET /bookmark?recipe_id=9 HTTP/1.1" 301 0
[08/Jun/2017 00:18:15]"GET /bookmark/?recipe_id=9 HTTP/1.1" 200 95
[08/Jun/2017 00:18:15]"GET /bookmark/?recipe_id=9 HTTP/1.1" 200 94
[08/Jun/2017 00:18:51]"GET /admin/ HTTP/1.1" 200 7274
[08/Jun/2017 00:18:58]"GET /admin/recipe/recipe/ HTTP/1.1" 200 28460
[08/Jun/2017 00:18:58]"GET /admin/jsi18n/ HTTP/1.1" 200 2344
[08/Jun/2017 00:18:59]"GET /admin/recipe/recipe/173/ HTTP/1.1" 200 59915
